# JRE version: Java(TM) SE Runtime Environment (11.0.4+10) (build 11.0.4+10-LTS)
# Java VM: Java HotSpot(TM) 64-Bit Server VM (11.0.4+10-LTS, mixed mode, tiered, compressed oops, g1 gc, windows-amd64)
Heap:
 garbage-first heap   total 208896K, used 30720K [0x0000000081c00000, 0x0000000100000000)
  region size 1024K, 10 young (10240K), 10 survivors (10240K)
 Metaspace       used 59005K, capacity 60679K, committed 60928K, reserved 1101824K
  class space    used 7767K, capacity 8392K, committed 8448K, reserved 1048576K
GC Heap History (10 events):
Event: 4.460 GC heap after
{Heap after GC invocations=9 (full 0):
 garbage-first heap   total 131072K, used 18080K [0x0000000081c00000, 0x0000000100000000)
  region size 1024K, 9 young (9216K), 9 survivors (9216K)
 Metaspace       used 33006K, capacity 34104K, committed 34304K, reserved 1079296K
  class space    used 4135K, capacity 4530K, committed 4608K, reserved 1048576K
}
Event: 4.708 GC heap before
{Heap before GC invocations=9 (full 0):
 garbage-first heap   total 131072K, used 38560K [0x0000000081c00000, 0x0000000100000000)
  region size 1024K, 30 young (30720K), 9 survivors (9216K)
 Metaspace       used 34577K, capacity 35775K, committed 35840K, reserved 1081344K
  class space    used 4382K, capacity 4848K, committed 4864K, reserved 1048576K
}
Event: 4.726 GC heap after
{Heap after GC invocations=10 (full 0):
 garbage-first heap   total 157696K, used 19756K [0x0000000081c00000, 0x0000000100000000)
  region size 1024K, 7 young (7168K), 7 survivors (7168K)
 Metaspace       used 34577K, capacity 35775K, committed 35840K, reserved 1081344K
  class space    used 4382K, capacity 4848K, committed 4864K, reserved 1048576K
}
Event: 4.972 GC heap before
{Heap before GC invocations=11 (full 0):
 garbage-first heap   total 157696K, used 105772K [0x0000000081c00000, 0x0000000100000000)
  region size 1024K, 92 young (94208K), 7 survivors (7168K)
 Metaspace       used 36497K, capacity 37742K, committed 37888K, reserved 1081344K
  class space    used 4575K, capacity 5031K, committed 5120K, reserved 1048576K
}
Event: 4.981 GC heap after
{Heap after GC invocations=12 (full 0):
 garbage-first heap   total 157696K, used 21008K [0x0000000081c00000, 0x0000000100000000)
  region size 1024K, 8 young (8192K), 8 survivors (8192K)
 Metaspace       used 36497K, capacity 37742K, committed 37888K, reserved 1081344K
  class space    used 4575K, capacity 5031K, committed 5120K, reserved 1048576K
}
Event: 5.970 GC heap before
{Heap before GC invocations=12 (full 0):
 garbage-first heap   total 157696K, used 106000K [0x0000000081c00000, 0x0000000100000000)
  region size 1024K, 92 young (94208K), 8 survivors (8192K)
 Metaspace       used 46656K, capacity 47998K, committed 48256K, reserved 1091584K
  class space    used 5997K, capacity 6507K, committed 6528K, reserved 1048576K
}
Event: 5.994 GC heap after
{Heap after GC invocations=13 (full 0):
 garbage-first heap   total 157696K, used 24995K [0x0000000081c00000, 0x0000000100000000)
  region size 1024K, 11 young (11264K), 11 survivors (11264K)
 Metaspace       used 46656K, capacity 47998K, committed 48256K, reserved 1091584K
  class space    used 5997K, capacity 6507K, committed 6528K, reserved 1048576K
}
Event: 6.448 GC heap before
{Heap before GC invocations=13 (full 0):
 garbage-first heap   total 157696K, used 54691K [0x0000000081c00000, 0x0000000100000000)
  region size 1024K, 41 young (41984K), 11 survivors (11264K)
 Metaspace       used 50786K, capacity 52136K, committed 52224K, reserved 1099776K
  class space    used 6600K, capacity 7114K, committed 7168K, reserved 1048576K
}
Event: 6.467 GC heap after
{Heap after GC invocations=14 (full 0):
 garbage-first heap   total 157696K, used 26118K [0x0000000081c00000, 0x0000000100000000)
  region size 1024K, 7 young (7168K), 7 survivors (7168K)
 Metaspace       used 50786K, capacity 52136K, committed 52224K, reserved 1099776K
  class space    used 6600K, capacity 7114K, committed 7168K, reserved 1048576K
}
Event: 8.118 GC heap before
{Heap before GC invocations=15 (full 0):
 garbage-first heap   total 157696K, used 113158K [0x0000000081c00000, 0x0000000100000000)
  region size 1024K, 92 young (94208K), 7 survivors (7168K)
 Metaspace       used 59005K, capacity 60679K, committed 60928K, reserved 1101824K
  class space    used 7767K, capacity 8392K, committed 8448K, reserved 1048576K
}

